0 info it worked if it ends with ok
1 verbose cli [ '/Users/hizhou/.nvm/versions/node/v6.10.3/bin/node',
1 verbose cli   '/Users/hizhou/.nvm/versions/node/v6.10.3/bin/npm',
1 verbose cli   'publish' ]
2 info using npm@3.10.10
3 info using node@v6.10.3
4 verbose publish [ '.' ]
5 silly cache add args [ '.', null ]
6 verbose cache add spec .
7 silly cache add parsed spec Result {
7 silly cache add   raw: '.',
7 silly cache add   scope: null,
7 silly cache add   escapedName: null,
7 silly cache add   name: null,
7 silly cache add   rawSpec: '.',
7 silly cache add   spec: '/Users/hizhou/works-npm-pkg/monaco-editor-forvue',
7 silly cache add   type: 'directory' }
8 verbose addLocalDirectory /Users/hizhou/.npm/monaco-editor-forvue/1.0.0/package.tgz not in flight; packing
9 verbose correctMkdir /Users/hizhou/.npm correctMkdir not in flight; initializing
10 info lifecycle monaco-editor-forvue@1.0.0~prepublish: monaco-editor-forvue@1.0.0
11 silly lifecycle monaco-editor-forvue@1.0.0~prepublish: no script for prepublish, continuing
12 verbose tar pack [ '/Users/hizhou/.npm/monaco-editor-forvue/1.0.0/package.tgz',
12 verbose tar pack   '/Users/hizhou/works-npm-pkg/monaco-editor-forvue' ]
13 verbose tarball /Users/hizhou/.npm/monaco-editor-forvue/1.0.0/package.tgz
14 verbose folder /Users/hizhou/works-npm-pkg/monaco-editor-forvue
15 verbose addLocalTarball adding from inside cache /Users/hizhou/.npm/monaco-editor-forvue/1.0.0/package.tgz
16 verbose correctMkdir /Users/hizhou/.npm correctMkdir not in flight; initializing
17 silly cache afterAdd monaco-editor-forvue@1.0.0
18 verbose afterAdd /Users/hizhou/.npm/monaco-editor-forvue/1.0.0/package/package.json not in flight; writing
19 verbose correctMkdir /Users/hizhou/.npm correctMkdir not in flight; initializing
20 verbose afterAdd /Users/hizhou/.npm/monaco-editor-forvue/1.0.0/package/package.json written
21 silly publish { name: 'monaco-editor-forvue',
21 silly publish   version: '1.0.0',
21 silly publish   description: 'Monaco Editor Vue Component',
21 silly publish   main: 'index.js',
21 silly publish   dependencies: {},
21 silly publish   devDependencies: {},
21 silly publish   scripts: { test: 'echo "Error: no test specified" && exit 1' },
21 silly publish   repository:
21 silly publish    { type: 'git',
21 silly publish      url: 'git+https://github.com/NXWY/monaco-editor-forvue.git' },
21 silly publish   author: { name: 'nanxing123' },
21 silly publish   license: 'ISC',
21 silly publish   bugs: { url: 'https://github.com/NXWY/monaco-editor-forvue/issues' },
21 silly publish   homepage: 'https://github.com/NXWY/monaco-editor-forvue#readme',
21 silly publish   readme: '# vue-monaco-editor\n\n> Monaco Editor Vue Component\n\n> Based off [React Monaco Editor](https://github.com/superRaytin/react-monaco-editor)\n\n> [![experimental](http://badges.github.io/stability-badges/dist/experimental.svg)](http://github.com/badges/stability-badges)\n\n## Setup\n\n``` bash\nnpm install vue-monaco-editor --save\n```\n\n## Simple Vue Use\n\n```js\nimport MonacoEditor from \'vue-monaco-editor\'\n\n// use in component\nexport default {\n  components: {\n    MonacoEditor\n  }\n}\n```\n\n## Component Props\n\n| Option        | Type          | Default | Description\n|:-------------|:-------------|:-------|:-------|\n| language      | String        | `javascript` | |\n| height        | Number/String | `100%` ||\n| width | Number/String | `100%` ||\n| code | String | `// code \\n` | Initial code to show |\n| theme | String | `vs-dark` | vs, hc-black, or vs-dark |\n| highlighted | Array[Object] | `[{ number: 0, class: \'\'}]` | Lines to highlight with numbers and `.classes` |\n| changeThrottle | Number(ms) | `0` |  throttle `codeChange` emit |\n|srcPath| String | `""` | see *Webpack Use* below\n| editorOptions | Object | Merged with defaults below | See [Monaco Editor Options](https://microsoft.github.io/monaco-editor/api/interfaces/monaco.editor.ieditorconstructionoptions.html) |\n\n### Editor Default Options\n```js\ndefaults: {\n  selectOnLineNumbers: true,\n  roundedSelection: false,\n  readOnly: false,\n  cursorStyle: \'line\',\n  automaticLayout: false,\n  glyphMargin: true\n}\n```\n\n## Component Events\n\n*These events are available to parent component*\n\n| Event        | Returns          | Description\n|:-------------|:-------------|:-------|\n|mounted|`editor`[editor instance]|Emitted when editor has mounted|\n|codeChange|`editor`[editor instance]|Emitted when code has changed|\n\n## Example\n\n*Component Implementation*\n```vue\n<MonacoEditor\n    height="600"\n    language="typescript"\n    :code="code"\n    :editorOptions="options"\n    @mounted="onMounted"\n    @codeChange="onCodeChange"\n    >\n</MonacoEditor>\n```\n\n*Parent*\n```js\nmodule.exports = {\n  components: {\n    Monaco\n  },\n  data() {\n    return {\n      code: \'// Type away! \\n\',\n      options: {\n        selectOnLineNumbers: false\n      }\n    };\n  },\n  methods: {\n    onMounted(editor) {\n      this.editor = editor;\n    },\n    onCodeChange(editor) {\n      console.log(editor.getValue());\n    }\n  }\n};\n```\n\n## Webpack Use\n\nBy default, monaco-editor is loaded from a cdn asyncronously using `require`. To use a local copy of `monaco-editor` with webpack, we need to expose the dependency in our build directory:\n\n`npm install copy-webpack-plugin --save-dev`\n\nAdd this to your webpack.config.js:\n\n```js\nconst CopyWebpackPlugin = require(\'copy-webpack-plugin\');\nmodule.exports = {\n  plugins: [\n    new CopyWebpackPlugin([\n      {\n        from: \'node_modules/monaco-editor/min/vs\',\n        to: \'vs\',\n      }\n    ])\n  ]\n};\n```\n\nThen, specify the build directory path in the `srcPath` prop. See `src/App.vue` for an example.\n\n## Dev Use\n\n```\ngit clone [this repo] .\nnpm install\nnpm run dev\n```\n\nEdit `src/App.vue`\n',
21 silly publish   readmeFilename: 'README.md',
21 silly publish   gitHead: '295537b3ff5c194343bcabf3234b47591611bbcf',
21 silly publish   _id: 'monaco-editor-forvue@1.0.0',
21 silly publish   _shasum: 'de43efe9661d6e14abe5fddaf29aa53a76cef488',
21 silly publish   _from: '.' }
22 verbose getPublishConfig undefined
23 silly mapToRegistry name monaco-editor-forvue
24 silly mapToRegistry using default registry
25 silly mapToRegistry registry https://registry.npmjs.org/
26 silly mapToRegistry data Result {
26 silly mapToRegistry   raw: 'monaco-editor-forvue',
26 silly mapToRegistry   scope: null,
26 silly mapToRegistry   escapedName: 'monaco-editor-forvue',
26 silly mapToRegistry   name: 'monaco-editor-forvue',
26 silly mapToRegistry   rawSpec: '',
26 silly mapToRegistry   spec: 'latest',
26 silly mapToRegistry   type: 'tag' }
27 silly mapToRegistry uri https://registry.npmjs.org/monaco-editor-forvue
28 verbose publish registryBase https://registry.npmjs.org/
29 silly publish uploading /Users/hizhou/.npm/monaco-editor-forvue/1.0.0/package.tgz
30 verbose request uri https://registry.npmjs.org/monaco-editor-forvue
31 verbose request sending authorization for write operation
32 info attempt registry request try #1 at 19:56:52
33 verbose request using bearer token for auth
34 verbose request id 3d4b035434ad4947
35 http request PUT https://registry.npmjs.org/monaco-editor-forvue
36 http 403 https://registry.npmjs.org/monaco-editor-forvue
37 verbose headers { 'content-type': 'application/json',
37 verbose headers   'cache-control': 'max-age=300',
37 verbose headers   'content-length': '104',
37 verbose headers   'accept-ranges': 'bytes',
37 verbose headers   date: 'Fri, 13 Oct 2017 11:57:00 GMT',
37 verbose headers   via: '1.1 varnish',
37 verbose headers   connection: 'keep-alive',
37 verbose headers   'x-served-by': 'cache-nrt6135-NRT',
37 verbose headers   'x-cache': 'MISS',
37 verbose headers   'x-cache-hits': '0',
37 verbose headers   'x-timer': 'S1507895814.862769,VS0,VE6955',
37 verbose headers   vary: 'Accept-Encoding, Accept' }
38 verbose request invalidating /Users/hizhou/.npm/registry.npmjs.org/monaco-editor-forvue on PUT
39 error publish Failed PUT 403
40 verbose stack Error: you must verify your email before publishing a new package: https://www.npmjs.com/email-edit : monaco-editor-forvue
40 verbose stack     at makeError (/Users/hizhou/.nvm/versions/node/v6.10.3/lib/node_modules/npm/node_modules/npm-registry-client/lib/request.js:302:12)
40 verbose stack     at CachingRegistryClient.<anonymous> (/Users/hizhou/.nvm/versions/node/v6.10.3/lib/node_modules/npm/node_modules/npm-registry-client/lib/request.js:290:14)
40 verbose stack     at Request._callback (/Users/hizhou/.nvm/versions/node/v6.10.3/lib/node_modules/npm/node_modules/npm-registry-client/lib/request.js:210:14)
40 verbose stack     at Request.self.callback (/Users/hizhou/.nvm/versions/node/v6.10.3/lib/node_modules/npm/node_modules/request/request.js:187:22)
40 verbose stack     at emitTwo (events.js:106:13)
40 verbose stack     at Request.emit (events.js:191:7)
40 verbose stack     at Request.<anonymous> (/Users/hizhou/.nvm/versions/node/v6.10.3/lib/node_modules/npm/node_modules/request/request.js:1048:10)
40 verbose stack     at emitOne (events.js:96:13)
40 verbose stack     at Request.emit (events.js:188:7)
40 verbose stack     at IncomingMessage.<anonymous> (/Users/hizhou/.nvm/versions/node/v6.10.3/lib/node_modules/npm/node_modules/request/request.js:969:12)
41 verbose statusCode 403
42 verbose pkgid monaco-editor-forvue
43 verbose cwd /Users/hizhou/works-npm-pkg/monaco-editor-forvue
44 error Darwin 16.6.0
45 error argv "/Users/hizhou/.nvm/versions/node/v6.10.3/bin/node" "/Users/hizhou/.nvm/versions/node/v6.10.3/bin/npm" "publish"
46 error node v6.10.3
47 error npm  v3.10.10
48 error code E403
49 error you must verify your email before publishing a new package: https://www.npmjs.com/email-edit : monaco-editor-forvue
50 error If you need help, you may report this error at:
50 error     <https://github.com/npm/npm/issues>
51 verbose exit [ 1, true ]
